<?xml version="1.0" encoding="UTF-8"?>
<!-- Generated by org.testng.reporters.JUnitReportReporter -->
<testsuite skipped="0" hostname="CDC2-D-4604N62" name="WindowHandle.HandleWindow.Win_Handle" tests="1" failures="0" timestamp="27 Feb 2019 07:02:41 GMT" time="9.031" errors="0">
  <testcase name="f" time="9.031" classname="WindowHandle.HandleWindow.Win_Handle"/>
</testsuite> <!-- WindowHandle.HandleWindow.Win_Handle -->
